<?xml version="1.0" encoding="UTF-8"?>
<!-- Generated by org.testng.reporters.JUnitXMLReporter -->
<testsuite hostname="PaxoTechWin7X64" ignored="0" name="SingIn Test" tests="1" failures="1" timestamp="23 Jan 2019 03:02:33 GMT" time="14.122" errors="0">
  <testcase name="logInTest" time="2.309" classname="org.naic.mfl.se.challenge.WebTestTestNG">
    <failure type="java.lang.AssertionError" message="expected [AUTHENTICATION] but found [MY ACCOUNT]">
      <![CDATA[java.lang.AssertionError: expected [AUTHENTICATION] but found [MY ACCOUNT]
at org.naic.mfl.se.pages.LoginPage.checkPageHeader(LoginPage.java:64)
at org.naic.mfl.se.challenge.WebTestTestNG.logInTest(WebTestTestNG.java:73)
... Removed 31 stack frames]]>
    </failure>
  </testcase> <!-- logInTest -->
</testsuite> <!-- SingIn Test -->
